<?xml version="1.0" encoding="UTF-8"?>
<!-- Generated by org.testng.reporters.JUnitReportReporter -->
<testsuite hostname="Acer" name="firstProject.AppiumTest" tests="2" failures="0" timestamp="21 Sep 2020 04:56:38 GMT" time="0.002" errors="0">
  <testcase name="demo1" time="0.001" classname="firstProject.AppiumTest"/>
  <testcase name="demo2" time="0.001" classname="firstProject.AppiumTest"/>
</testsuite> <!-- firstProject.AppiumTest -->
