<?xml version="1.0" encoding="UTF-8"?>
<!-- Generated by org.testng.reporters.JUnitReportReporter -->
<testsuite hostname="Acer" name="firstProject.SeleniumTest" tests="2" failures="0" timestamp="21 Sep 2020 04:56:38 GMT" time="0.006" errors="0">
  <testcase name="demo5" time="0.005" classname="firstProject.SeleniumTest"/>
  <testcase name="demo6" time="0.001" classname="firstProject.SeleniumTest"/>
</testsuite> <!-- firstProject.SeleniumTest -->
