<?xml version="1.0" encoding="UTF-8"?>
<!-- Generated by org.testng.reporters.JUnitReportReporter -->
<testsuite hostname="Acer" name="firstProject.RestAssuredTest" tests="2" failures="0" timestamp="21 Sep 2020 04:56:38 GMT" time="0.012" errors="0">
  <testcase name="demo4" time="0.002" classname="firstProject.RestAssuredTest"/>
  <testcase name="demo3" time="0.010" classname="firstProject.RestAssuredTest"/>
</testsuite> <!-- firstProject.RestAssuredTest -->
